<?xml version="1.0" encoding="UTF-8"?>
<!-- Generated by org.testng.reporters.JUnitXMLReporter -->
<testsuite hostname="DESKTOP-8EQSD1V" ignored="3" name="Default test" tests="1" failures="0" timestamp="24 May 2021 11:51:46 GMT" time="20.31" errors="0">
  <testcase name="validateDataFields" time="3.015" classname="com.qa.VirventureWebsite.TestCases.TrackOrderTest"/>
  <testcase name="validateLoginPageTitleTest" time="0.0" classname="com.qa.VirventureWebsite.TestCases.TrackOrderTest">
    <ignored/>
  </testcase> <!-- validateLoginPageTitleTest -->
  <testcase name="verifyLoginPageLableTest" time="0.0" classname="com.qa.VirventureWebsite.TestCases.TrackOrderTest">
    <ignored/>
  </testcase> <!-- verifyLoginPageLableTest -->
  <testcase name="validateEmptyDataFields" time="0.0" classname="com.qa.VirventureWebsite.TestCases.TrackOrderTest">
    <ignored/>
  </testcase> <!-- validateEmptyDataFields -->
</testsuite> <!-- Default test -->
